2025-08-13T21:57:51.540898,ADBE,L,unknown
2025-08-13T21:57:51.695720,ARG,L,unknown
2025-08-13T21:57:51.879137,B,L,unknown
2025-08-13T21:57:52.050179,BBAI,L,unknown
2025-08-13T21:57:52.192526,BIIB,L,unknown
2025-08-13T21:57:52.441753,QBTS,L,unknown
2025-08-13T21:57:52.686972,IFX,L,unknown
2025-08-13T21:57:52.815527,IONQ,L,unknown
2025-08-13T21:57:53.286550,NBIX,L,unknown
2025-08-13T21:57:53.433340,PBR-A,L,unknown
2025-08-13T21:57:53.534734,PFE,L,unknown
2025-08-13T21:57:53.657006,LAES,L,unknown
2025-08-13T21:57:53.836320,UPS,L,unknown
2025-08-13T21:57:53.946636,UTHR,L,unknown
2025-08-13T21:57:54.058439,UNH,L,unknown
2025-08-13T21:57:54.666037,ADBE,L,unknown
2025-08-13T21:57:54.826405,ARG,L,unknown
2025-08-13T21:57:54.977717,B,L,unknown
2025-08-13T21:57:55.096407,BBAI,L,unknown
2025-08-13T21:57:55.236296,BIIB,L,unknown
2025-08-13T21:57:55.456418,QBTS,L,unknown
2025-08-13T21:57:55.695986,IFX,L,unknown
2025-08-13T21:57:55.839779,IONQ,L,unknown
2025-08-13T21:57:56.062981,NBIX,L,unknown
2025-08-13T21:57:56.247593,PBR-A,L,unknown
2025-08-13T21:57:56.503684,PFE,L,unknown
2025-08-13T21:57:56.719212,LAES,L,unknown
2025-08-13T21:57:56.949535,UPS,L,unknown
2025-08-13T21:57:57.039212,UTHR,L,unknown
2025-08-13T21:57:57.166185,UNH,L,unknown
2025-08-13T21:57:57.820388,ADBE,L,unknown
2025-08-13T21:57:57.915772,ARG,L,unknown
2025-08-13T21:57:58.050876,B,L,unknown
2025-08-13T21:57:58.155893,BBAI,L,unknown
2025-08-13T21:57:58.268286,BIIB,L,unknown
2025-08-13T21:57:58.511897,QBTS,L,unknown
2025-08-13T21:57:58.699786,IFX,L,unknown
2025-08-13T21:57:58.812622,IONQ,L,unknown
2025-08-13T21:57:59.083978,NBIX,L,unknown
2025-08-13T21:57:59.275327,PBR-A,L,unknown
2025-08-13T21:57:59.387136,PFE,L,unknown
2025-08-13T21:57:59.579813,LAES,L,unknown
2025-08-13T21:57:59.835095,UPS,L,unknown
2025-08-13T21:57:59.994753,UTHR,L,unknown
2025-08-13T21:58:00.176791,UNH,L,unknown
2025-08-13T21:58:00.856047,ADBE,L,unknown
2025-08-13T21:58:01.019235,ARG,L,unknown
2025-08-13T21:58:01.204290,B,L,unknown
2025-08-13T21:58:01.330466,BBAI,L,unknown
2025-08-13T21:58:01.474079,BIIB,L,unknown
2025-08-13T21:58:01.682527,QBTS,L,unknown
2025-08-13T21:58:01.873031,IFX,L,unknown
2025-08-13T21:58:02.015046,IONQ,L,unknown
2025-08-13T21:58:02.269214,NBIX,L,unknown
2025-08-13T21:58:02.448018,PBR-A,L,unknown
2025-08-13T21:58:02.670283,PFE,L,unknown
2025-08-13T21:58:02.894514,LAES,L,unknown
2025-08-13T21:58:03.133944,UPS,L,unknown
2025-08-13T21:58:03.363106,UTHR,L,unknown
2025-08-13T21:58:03.604097,UNH,L,unknown
2025-08-13T21:58:04.463596,ADBE,L,unknown
2025-08-13T21:58:04.642170,ARG,L,unknown
2025-08-13T21:58:04.839353,B,L,unknown
2025-08-13T21:58:04.968284,BBAI,L,unknown
2025-08-13T21:58:05.064411,BIIB,L,unknown
2025-08-13T21:58:05.221109,QBTS,L,unknown
2025-08-13T21:58:05.423237,IFX,L,unknown
2025-08-13T21:58:05.564588,IONQ,L,unknown
2025-08-13T21:58:05.816470,NBIX,L,unknown
2025-08-13T21:58:05.976189,PBR-A,L,unknown
2025-08-13T21:58:06.155205,PFE,L,unknown
2025-08-13T21:58:06.324166,LAES,L,unknown
2025-08-13T21:58:06.566300,UPS,L,unknown
2025-08-13T21:58:06.725024,UTHR,L,unknown
2025-08-13T21:58:06.860225,UNH,L,unknown
2025-08-13T21:58:07.534986,ADBE,L,unknown
2025-08-13T21:58:07.671201,ARG,L,unknown
2025-08-13T21:58:07.839152,B,L,unknown
2025-08-13T21:58:08.006337,BBAI,L,unknown
2025-08-13T21:58:08.156764,BIIB,L,unknown
2025-08-13T21:58:08.311927,QBTS,L,unknown
2025-08-13T21:58:08.506652,IFX,L,unknown
2025-08-13T21:58:08.629274,IONQ,L,unknown
2025-08-13T21:58:09.019610,NBIX,L,unknown
2025-08-13T21:58:09.167983,PBR-A,L,unknown
2025-08-13T21:58:09.315695,PFE,L,unknown
2025-08-13T21:58:09.488753,LAES,L,unknown
2025-08-13T21:58:09.710998,UPS,L,unknown
2025-08-13T21:58:09.814116,UTHR,L,unknown
2025-08-13T21:58:09.982434,UNH,L,unknown
2025-08-13T21:58:11.283336,ADBE,L,unknown
2025-08-13T21:58:11.458272,ARG,L,unknown
2025-08-13T21:58:11.665664,B,L,unknown
2025-08-13T21:58:11.794127,BBAI,L,unknown
2025-08-13T21:58:11.942286,BIIB,L,unknown
2025-08-13T21:58:12.217059,QBTS,L,unknown
2025-08-13T21:58:12.580063,IFX,L,unknown
2025-08-13T21:58:12.737669,IONQ,L,unknown
2025-08-13T21:58:13.088419,NBIX,L,unknown
2025-08-13T21:58:13.305170,PBR-A,L,unknown
2025-08-13T21:58:13.475135,PFE,L,unknown
2025-08-13T21:58:18.628698,LAES,L,unknown
2025-08-13T21:58:23.811255,UPS,L,unknown
2025-08-13T21:58:24.695805,UTHR,L,unknown
2025-08-13T21:58:24.846872,UNH,L,unknown
2025-08-13T21:58:25.991021,ADBE,L,unknown
2025-08-13T21:58:26.131009,ARG,L,unknown
2025-08-13T21:58:26.291017,B,L,unknown
2025-08-13T21:58:26.431223,BBAI,L,unknown
2025-08-13T21:58:26.561250,BIIB,L,unknown
2025-08-13T21:58:26.771003,QBTS,L,unknown
2025-08-13T21:58:26.992335,IFX,L,unknown
2025-08-13T21:58:27.121069,IONQ,L,unknown
2025-08-13T21:58:27.488110,NBIX,L,unknown
2025-08-13T21:58:27.621103,PBR-A,L,unknown
2025-08-13T21:58:27.710426,PFE,L,unknown
2025-08-13T21:58:27.891334,LAES,L,unknown
2025-08-13T21:58:28.109439,UPS,L,unknown
2025-08-13T21:58:28.236670,UTHR,L,unknown
2025-08-13T21:58:28.385776,UNH,L,unknown
2025-08-13T21:58:29.305521,ADBE,L,unknown
2025-08-13T21:58:29.448549,ARG,L,unknown
2025-08-13T21:58:29.578340,B,L,unknown
2025-08-13T21:58:29.703477,BBAI,L,unknown
2025-08-13T21:58:29.824798,BIIB,L,unknown
2025-08-13T21:58:30.071140,QBTS,L,unknown
2025-08-13T21:58:30.294102,IFX,L,unknown
2025-08-13T21:58:30.455589,IONQ,L,unknown
2025-08-13T21:58:30.727470,NBIX,L,unknown
2025-08-13T21:58:30.859177,PBR-A,L,unknown
2025-08-13T21:58:30.980012,PFE,L,unknown
2025-08-13T21:58:31.188300,LAES,L,unknown
2025-08-13T21:58:31.347689,UPS,L,unknown
2025-08-13T21:58:31.490224,UTHR,L,unknown
2025-08-13T21:58:31.613633,UNH,L,unknown
2025-08-13T21:58:32.237990,ADBE,L,unknown
2025-08-13T21:58:32.370419,ARG,L,unknown
2025-08-13T21:58:32.570274,B,L,unknown
2025-08-13T21:58:32.710216,BBAI,L,unknown
2025-08-13T21:58:32.855810,BIIB,L,unknown
2025-08-13T21:58:33.050248,QBTS,L,unknown
2025-08-13T21:58:33.240101,IFX,L,unknown
2025-08-13T21:58:33.406164,IONQ,L,unknown
2025-08-13T21:58:33.659966,NBIX,L,unknown
2025-08-13T21:58:33.822939,PBR-A,L,unknown
2025-08-13T21:58:33.922321,PFE,L,unknown
2025-08-13T21:58:34.064179,LAES,L,unknown
2025-08-13T21:58:34.254697,UPS,L,unknown
2025-08-13T21:58:34.393683,UTHR,L,unknown
2025-08-13T21:58:34.540824,UNH,L,unknown
2025-08-13T21:58:35.302573,ADBE,L,unknown
2025-08-13T21:58:35.500945,ARG,L,unknown
2025-08-13T21:58:35.713520,B,L,unknown
2025-08-13T21:58:35.896356,BBAI,L,unknown
2025-08-13T21:58:36.055901,BIIB,L,unknown
2025-08-13T21:58:36.258190,QBTS,L,unknown
2025-08-13T21:58:36.475958,IFX,L,unknown
2025-08-13T21:58:36.612490,IONQ,L,unknown
2025-08-13T21:58:36.827168,NBIX,L,unknown
2025-08-13T21:58:37.005429,PBR-A,L,unknown
2025-08-13T21:58:37.145441,PFE,L,unknown
2025-08-13T21:58:37.391167,LAES,L,unknown
2025-08-13T21:58:37.672331,UPS,L,unknown
2025-08-13T21:58:37.808525,UTHR,L,unknown
2025-08-13T21:58:37.944740,UNH,L,unknown
2025-08-13T21:58:39.316033,ADBE,L,unknown
2025-08-13T21:58:39.453977,ARG,L,unknown
2025-08-13T21:58:39.678744,B,L,unknown
2025-08-13T21:58:39.806576,BBAI,L,unknown
2025-08-13T21:58:39.952225,BIIB,L,unknown
2025-08-13T21:58:40.215779,QBTS,L,unknown
2025-08-13T21:58:40.462006,IFX,L,unknown
2025-08-13T21:58:40.602351,IONQ,L,unknown
2025-08-13T21:58:41.000059,NBIX,L,unknown
2025-08-13T21:58:41.175271,PBR-A,L,unknown
2025-08-13T21:58:41.287115,PFE,L,unknown
2025-08-13T21:58:41.464564,LAES,L,unknown
2025-08-13T21:58:41.685909,UPS,L,unknown
2025-08-13T21:58:41.808674,UTHR,L,unknown
2025-08-13T21:58:41.941467,UNH,L,unknown
2025-08-13T22:05:40.948934,ADBE,L,unknown
2025-08-13T22:05:41.109095,ARG,L,unknown
2025-08-13T22:05:42.288025,B,L,unknown
2025-08-13T22:05:43.393340,BBAI,L,unknown
2025-08-13T22:05:44.518505,BIIB,L,unknown
2025-08-13T22:05:45.712123,QBTS,L,unknown
2025-08-13T22:05:46.840170,IFX,L,unknown
2025-08-13T22:05:47.858918,IONQ,L,unknown
2025-08-13T22:05:49.107483,NBIX,L,unknown
2025-08-13T22:05:50.196637,PBR-A,L,unknown
2025-08-13T22:05:51.286018,PFE,L,unknown
2025-08-13T22:05:52.470978,LAES,L,unknown
2025-08-13T22:05:53.618257,UPS,L,unknown
2025-08-13T22:05:54.672293,UTHR,L,unknown
2025-08-13T22:05:55.758814,UNH,L,unknown
2025-08-13T22:05:57.377455,ADBE,L,unknown
2025-08-13T22:05:57.936505,ARG,L,unknown
2025-08-13T22:05:59.159548,B,L,unknown
2025-08-13T22:06:00.270897,BBAI,L,unknown
2025-08-13T22:06:01.404044,BIIB,L,unknown
2025-08-13T22:06:02.709404,QBTS,L,unknown
2025-08-13T22:06:03.798973,IFX,L,unknown
2025-08-13T22:06:04.914273,IONQ,L,unknown
2025-08-13T22:06:06.173754,NBIX,L,unknown
2025-08-13T22:06:07.225576,PBR-A,L,unknown
2025-08-13T22:06:08.321256,PFE,L,unknown
2025-08-13T22:06:09.451794,LAES,L,unknown
2025-08-13T22:06:10.717029,UPS,L,unknown
2025-08-13T22:06:11.820988,UTHR,L,unknown
2025-08-13T22:06:12.924693,UNH,L,unknown
2025-08-13T22:06:14.579552,ADBE,L,unknown
2025-08-13T22:06:15.155185,ARG,L,unknown
2025-08-13T22:06:16.250711,B,L,unknown
2025-08-14T21:07:53.697254,FAKETICK,L,unknown
2025-08-14T21:07:53.703859,FAKETICK,L,unknown
2025-08-14T21:07:53.710987,FAKETICK,L,unknown
2025-08-14T21:07:53.718389,FAKETICK,L,unknown
2025-08-14T21:07:53.725921,FAKETICK,L,unknown
2025-08-14T21:07:53.732955,FAKETICK,L,unknown
2025-08-14T21:07:54.720947,CASH,L,unknown
2025-08-14T21:07:54.863540,CASH,L,unknown
2025-08-14T21:07:55.116917,CASH,L,unknown
2025-08-14T21:07:55.252688,CASH,L,unknown
2025-08-14T21:07:55.462437,CASH,L,unknown
2025-08-14T21:07:55.588918,CASH,L,unknown
2025-08-14T21:07:55.824336,CASH,L,unknown
2025-08-14T21:07:55.984186,CASH,L,unknown
2025-08-14T21:07:56.193916,CASH,L,unknown
2025-08-14T21:07:56.313052,CASH,L,unknown
2025-08-14T21:07:56.452227,CASH,L,unknown
2025-08-14T21:07:56.599676,CASH,L,unknown
2025-08-14T21:07:59.465933,CASH,L,unknown
2025-08-14T21:07:59.639327,CASH,L,unknown
2025-08-14T21:07:59.862889,CASH,L,unknown
2025-08-14T21:08:00.022891,CASH,L,unknown
2025-08-14T21:08:00.344084,CASH,L,unknown
2025-08-14T21:08:04.167706,CASH,L,unknown
2025-08-14T21:08:04.492083,CASH,L,unknown
2025-08-14T21:08:04.566738,ADBE,L,unknown
2025-08-14T21:08:04.574268,ARG,L,unknown
2025-08-14T21:08:04.638417,B,L,unknown
2025-08-14T21:08:04.668592,BBAI,L,unknown
2025-08-14T21:08:04.678754,BIIB,L,unknown
2025-08-14T21:08:04.856037,QBTS,L,unknown
2025-08-14T21:08:05.035060,IFX,L,unknown
2025-08-14T21:08:05.041131,IONQ,L,unknown
2025-08-14T21:08:05.251830,NBIX,L,unknown
2025-08-14T21:08:05.272567,PBR-A,L,unknown
2025-08-14T21:08:05.277905,PFE,L,unknown
2025-08-14T21:08:05.323313,LAES,L,unknown
2025-08-14T21:08:05.467575,UPS,L,unknown
2025-08-14T21:08:05.473599,UTHR,L,unknown
2025-08-14T21:08:05.479718,UNH,L,unknown
2025-08-14T21:08:05.695730,CASH,L,unknown
2025-08-14T21:08:05.818597,CASH,L,unknown
2025-08-14T21:08:06.017847,CASH,L,unknown
2025-08-14T21:08:06.124571,CASH,L,unknown
2025-08-14T21:08:06.257928,CASH,L,unknown
2025-08-14T21:08:07.245191,CASH,L,unknown
2025-08-14T21:08:07.574455,CASH,L,unknown
2025-08-14T21:08:07.683448,ADBE,L,unknown
2025-08-14T21:08:07.691387,ARG,L,unknown
2025-08-14T21:08:07.740985,B,L,unknown
2025-08-14T21:08:07.764389,BBAI,L,unknown
2025-08-14T21:08:07.771645,BIIB,L,unknown
2025-08-14T21:08:07.931917,QBTS,L,unknown
2025-08-14T21:08:08.098739,IFX,L,unknown
2025-08-14T21:08:08.102957,IONQ,L,unknown
2025-08-14T21:08:08.312364,NBIX,L,unknown
2025-08-14T21:08:08.335597,PBR-A,L,unknown
2025-08-14T21:08:08.339200,PFE,L,unknown
2025-08-14T21:08:08.391546,LAES,L,unknown
2025-08-14T21:08:08.491634,UPS,L,unknown
2025-08-14T21:08:08.497198,UTHR,L,unknown
2025-08-14T21:08:08.506255,UNH,L,unknown
2025-08-15T18:34:06.401713,FAKETICK,L,unknown
2025-08-15T18:34:06.406228,FAKETICK,L,unknown
2025-08-15T18:34:06.412263,FAKETICK,L,unknown
2025-08-15T18:34:06.416262,FAKETICK,L,unknown
2025-08-15T18:34:06.423796,FAKETICK,L,unknown
2025-08-15T18:34:06.429334,FAKETICK,L,unknown
2025-08-15T18:34:07.330178,CASH,L,unknown
2025-08-15T18:34:07.532297,CASH,L,unknown
2025-08-15T18:34:07.819622,CASH,L,unknown
2025-08-15T18:34:08.046236,CASH,L,unknown
2025-08-15T18:34:08.584879,CASH,L,unknown
2025-08-15T18:34:08.807767,CASH,L,unknown
2025-08-15T18:34:09.267547,CASH,L,unknown
2025-08-15T18:34:09.547728,CASH,L,unknown
2025-08-15T18:34:10.014989,CASH,L,unknown
2025-08-15T18:34:10.254031,CASH,L,unknown
2025-08-15T18:34:10.531389,CASH,L,unknown
2025-08-15T18:34:10.735145,CASH,L,unknown
2025-08-15T18:34:20.890306,CASH,L,unknown
2025-08-15T18:34:21.128748,CASH,L,unknown
2025-08-15T18:34:21.950425,CASH,L,unknown
2025-08-15T18:34:22.191656,CASH,L,unknown
2025-08-15T18:34:23.558573,CASH,L,unknown
2025-08-15T18:34:27.194604,CASH,L,unknown
2025-08-15T18:34:27.458330,CASH,L,unknown
2025-08-15T18:34:27.544668,ADBE,L,unknown
2025-08-15T18:34:27.548676,ARG,L,unknown
2025-08-15T18:34:27.600883,B,L,unknown
2025-08-15T18:34:27.622702,BBAI,L,unknown
2025-08-15T18:34:27.629590,BIIB,L,unknown
2025-08-15T18:34:27.761267,QBTS,L,unknown
2025-08-15T18:34:27.926405,IFX,L,unknown
2025-08-15T18:34:27.935173,IONQ,L,unknown
2025-08-15T18:34:28.170994,NBIX,L,unknown
2025-08-15T18:34:28.202435,PBR-A,L,unknown
2025-08-15T18:34:28.210419,PFE,L,unknown
2025-08-15T18:34:28.262101,LAES,L,unknown
2025-08-15T18:34:28.377458,UPS,L,unknown
2025-08-15T18:34:28.386196,UTHR,L,unknown
2025-08-15T18:34:28.391745,UNH,L,unknown
2025-08-15T18:34:28.574097,CASH,L,unknown
2025-08-15T18:34:28.720776,CASH,L,unknown
2025-08-15T18:34:28.892973,CASH,L,unknown
2025-08-15T18:34:28.996999,CASH,L,unknown
2025-08-15T18:34:29.141811,CASH,L,unknown
2025-08-15T18:34:29.979390,CASH,L,unknown
2025-08-15T18:34:30.297957,CASH,L,unknown
2025-08-15T18:34:30.389492,ADBE,L,unknown
2025-08-15T18:34:30.398430,ARG,L,unknown
2025-08-15T18:34:30.460270,B,L,unknown
2025-08-15T18:34:30.496066,BBAI,L,unknown
2025-08-15T18:34:30.499059,BIIB,L,unknown
2025-08-15T18:34:30.594373,QBTS,L,unknown
2025-08-15T18:34:30.780321,IFX,L,unknown
2025-08-15T18:34:30.788529,IONQ,L,unknown
2025-08-15T18:34:31.029703,NBIX,L,unknown
2025-08-15T18:34:31.057776,PBR-A,L,unknown
2025-08-15T18:34:31.064588,PFE,L,unknown
2025-08-15T18:34:31.141550,LAES,L,unknown
2025-08-15T18:34:31.273834,UPS,L,unknown
2025-08-15T18:34:31.281802,UTHR,L,unknown
2025-08-15T18:34:31.289074,UNH,L,unknown
2025-08-15T20:20:39.507048,CASH,L,unknown
2025-08-15T20:20:39.924000,CASH,L,unknown
2025-08-15T20:20:39.970374,ADBE,L,unknown
2025-08-15T20:20:40.870035,ARG,L,unknown
2025-08-15T20:20:42.004574,B,L,unknown
2025-08-15T20:20:43.145622,BBAI,L,unknown
2025-08-15T20:20:44.353889,BIIB,L,unknown
2025-08-15T20:20:45.527887,QBTS,L,unknown
2025-08-15T20:20:46.705674,IFX,L,unknown
2025-08-15T20:20:47.917658,IONQ,L,unknown
2025-08-15T20:20:49.154892,NBIX,L,unknown
2025-08-15T20:20:50.158714,PBR-A,L,unknown
2025-08-15T20:20:51.298398,PFE,L,unknown
2025-08-15T20:20:52.511786,LAES,L,unknown
2025-08-15T20:20:53.628745,UPS,L,unknown
2025-08-15T20:20:54.689744,UTHR,L,unknown
2025-08-15T20:20:55.809445,UNH,L,unknown
2025-08-15T20:20:57.287463,CASH,L,unknown
2025-08-15T20:20:58.197401,CASH,L,unknown
2025-08-15T20:20:59.220627,ADBE,L,unknown
2025-08-15T20:21:00.280412,ARG,L,unknown
2025-08-15T20:21:01.413817,B,L,unknown
2025-08-15T20:21:02.667590,BBAI,L,unknown
2025-08-15T20:21:03.788482,BIIB,L,unknown
2025-08-15T20:21:04.735879,QBTS,L,unknown
2025-08-15T20:21:05.874691,IFX,L,unknown
2025-08-15T20:21:06.887312,IONQ,L,unknown
2025-08-15T20:21:08.104959,NBIX,L,unknown
2025-08-15T20:21:09.162764,PBR-A,L,unknown
2025-08-15T20:21:10.336375,PFE,L,unknown
2025-08-15T20:21:11.477815,LAES,L,unknown
2025-08-15T20:21:12.601938,UPS,L,unknown
2025-08-15T20:21:13.677768,UTHR,L,unknown
2025-08-15T20:21:14.802866,UNH,L,unknown
2025-08-15T20:21:16.288288,CASH,L,unknown
2025-08-15T20:21:17.231496,CASH,L,unknown
2025-08-15T20:21:18.215372,ADBE,L,unknown
2025-08-15T20:21:19.263842,ARG,L,unknown
2025-08-15T20:21:20.416999,B,L,unknown
2025-08-15T20:21:21.509414,BBAI,L,unknown
2025-08-15T20:21:22.747634,BIIB,L,unknown
2025-08-15T20:21:23.972464,QBTS,L,unknown
2025-08-15T20:21:25.115341,IFX,L,unknown
2025-08-15T20:21:26.179146,IONQ,L,unknown
2025-08-15T20:21:27.399224,NBIX,L,unknown
2025-08-15T20:21:29.424876,PBR-A,L,unknown
2025-08-15T20:21:30.524684,PFE,L,unknown
2025-08-15T20:21:31.735294,LAES,L,unknown
2025-08-15T20:21:32.918978,UPS,L,unknown
2025-08-15T20:21:33.991860,UTHR,L,unknown
2025-08-15T20:21:35.153103,UNH,L,unknown
2025-08-15T20:21:36.620346,CASH,L,unknown
2025-08-15T20:21:37.494823,CASH,L,unknown
2025-08-15T20:21:38.496998,ADBE,L,unknown
2025-08-15T20:21:40.559862,ARG,L,unknown
2025-08-15T20:21:41.708639,B,L,unknown
2025-08-15T20:21:42.829163,BBAI,L,unknown
2025-08-15T20:21:44.000673,BIIB,L,unknown
2025-08-15T20:21:45.211605,QBTS,L,unknown
2025-08-15T20:21:46.321359,IFX,L,unknown
2025-08-15T20:21:47.437486,IONQ,L,unknown
2025-08-15T20:21:48.746644,NBIX,L,unknown
2025-08-15T20:21:49.783495,PBR-A,L,unknown
2025-08-15T20:21:50.884233,PFE,L,unknown
2025-08-15T20:21:52.042558,LAES,L,unknown
2025-08-15T20:21:53.173446,UPS,L,unknown
2025-08-15T20:21:54.296451,UTHR,L,unknown
2025-08-15T20:21:55.582310,UNH,L,unknown
2025-08-15T20:21:57.114629,CASH,L,unknown
2025-08-15T20:21:58.303134,CASH,L,unknown
2025-08-15T20:21:59.275784,ADBE,L,unknown
2025-08-15T20:22:00.346926,ARG,L,unknown
2025-08-15T20:22:01.514314,B,L,unknown
2025-08-15T20:22:02.605433,BBAI,L,unknown
2025-08-15T20:22:03.756407,BIIB,L,unknown
2025-08-15T20:22:04.936350,QBTS,L,unknown
2025-08-15T20:22:06.094357,IFX,L,unknown
2025-08-15T20:22:07.204857,IONQ,L,unknown
2025-08-15T20:22:08.480732,NBIX,L,unknown
2025-08-15T20:22:09.483005,PBR-A,L,unknown
2025-08-15T20:22:10.637911,PFE,L,unknown
2025-08-15T20:22:11.795767,LAES,L,unknown
2025-08-15T20:22:12.943837,UPS,L,unknown
2025-08-15T20:22:13.981756,UTHR,L,unknown
2025-08-15T20:22:15.132527,UNH,L,unknown
2025-08-15T20:22:16.585117,CASH,L,unknown
2025-08-15T20:22:17.546164,CASH,L,unknown
2025-08-15T20:22:18.526106,ADBE,L,unknown
2025-08-15T20:22:19.622826,ARG,L,unknown
2025-08-15T20:22:20.799530,B,L,unknown
2025-08-15T20:22:21.889713,BBAI,L,unknown
2025-08-15T20:22:22.990248,BIIB,L,unknown
2025-08-15T20:22:24.179716,QBTS,L,unknown
2025-08-15T20:22:25.320031,IFX,L,unknown
2025-08-15T20:22:26.377185,IONQ,L,unknown
2025-08-15T20:22:27.583006,NBIX,L,unknown
2025-08-15T20:22:28.575656,PBR-A,L,unknown
2025-08-15T20:22:29.687765,PFE,L,unknown
2025-08-15T20:22:30.931478,LAES,L,unknown
2025-08-15T20:22:32.051370,UPS,L,unknown
2025-08-15T20:22:33.136109,UTHR,L,unknown
2025-08-15T20:22:34.338193,UNH,L,unknown
2025-08-15T20:22:35.842457,CASH,L,unknown
2025-08-15T20:22:36.753330,CASH,L,unknown
2025-08-15T20:22:38.776974,ADBE,L,unknown
2025-08-15T20:22:39.866678,ARG,L,unknown
2025-08-15T20:22:41.104747,B,L,unknown
2025-08-15T20:22:42.291202,BBAI,L,unknown
2025-08-15T20:22:43.394974,BIIB,L,unknown
2025-08-15T20:22:44.547746,QBTS,L,unknown
2025-08-15T20:22:45.662099,IFX,L,unknown
2025-08-15T20:22:46.718038,IONQ,L,unknown
2025-08-15T20:22:47.949288,NBIX,L,unknown
2025-08-15T20:22:48.919842,PBR-A,L,unknown
2025-08-15T20:22:50.073792,PFE,L,unknown
2025-08-15T20:22:51.344750,LAES,L,unknown
2025-08-15T20:22:52.362096,UPS,L,unknown
2025-08-15T20:22:53.436606,UTHR,L,unknown
2025-08-15T20:22:54.558017,UNH,L,unknown
2025-08-15T20:22:56.052164,CASH,L,unknown
2025-08-15T20:22:56.873842,CASH,L,unknown
2025-08-15T20:22:56.918931,ADBE,L,unknown
2025-08-15T20:22:57.913644,ARG,L,unknown
2025-08-15T20:22:59.053495,B,L,unknown
2025-08-15T20:23:00.146953,BBAI,L,unknown
2025-08-15T20:23:01.229009,BIIB,L,unknown
2025-08-15T20:23:02.461120,QBTS,L,unknown
2025-08-15T20:23:03.642461,IFX,L,unknown
2025-08-15T20:23:04.684607,IONQ,L,unknown
2025-08-15T20:23:05.936712,NBIX,L,unknown
2025-08-15T20:23:06.990887,PBR-A,L,unknown
2025-08-15T20:23:08.292116,PFE,L,unknown
2025-08-15T20:23:09.557450,LAES,L,unknown
2025-08-15T20:23:10.692805,UPS,L,unknown
2025-08-15T20:23:11.755469,UTHR,L,unknown
2025-08-15T20:23:12.850417,UNH,L,unknown
2025-08-15T20:47:50.088392,CASH,L,unknown
2025-08-15T20:47:50.404830,CASH,L,unknown
2025-08-15T20:47:50.515552,CASH,L,unknown
2025-08-15T20:47:50.598196,CASH,L,unknown
2025-08-15T20:47:50.693375,CASH,L,unknown
2025-08-15T20:47:50.793172,CASH,L,unknown
2025-08-15T20:47:50.889237,CASH,L,unknown
2025-08-15T20:47:50.973504,CASH,L,unknown
2025-08-15T20:47:51.076984,CASH,L,unknown
2025-08-15T20:47:51.526169,CASH,L,unknown
2025-08-15T20:47:51.614305,CASH,L,unknown
2025-08-15T20:47:51.697361,CASH,L,unknown
2025-08-15T20:47:51.784555,CASH,L,unknown
2025-08-15T20:47:51.869011,CASH,L,unknown
2025-08-15T20:47:51.996820,CASH,L,unknown
2025-08-15T20:47:52.079329,CASH,L,unknown
2025-08-15T20:47:52.688332,CASH,L,unknown
2025-08-15T20:47:52.777446,CASH,L,unknown
2025-08-15T20:47:52.874430,CASH,L,unknown
2025-08-15T20:47:52.956940,CASH,L,unknown
2025-08-15T20:47:53.046602,CASH,L,unknown
2025-08-15T20:47:53.828634,CASH,L,unknown
2025-08-15T20:47:53.932175,CASH,L,unknown
2025-08-15T20:47:54.021230,CASH,L,unknown
2025-08-15T20:47:55.007610,CASH,L,unknown
2025-08-15T20:47:56.224505,CASH,L,unknown
2025-08-15T20:47:57.447574,CASH,L,unknown
2025-08-15T20:47:58.635282,CASH,L,unknown
2025-08-15T20:48:07.661270,CASH,L,unknown
2025-08-15T20:48:07.895703,CASH,L,unknown
2025-08-15T20:48:07.993043,CASH,L,unknown
2025-08-15T20:48:08.079018,CASH,L,unknown
2025-08-15T20:48:09.054300,CASH,L,unknown
2025-08-15T20:48:10.220517,CASH,L,unknown
2025-08-15T20:48:11.467309,CASH,L,unknown
2025-08-15T20:48:12.792120,CASH,L,unknown
2025-08-15T20:48:14.123607,CASH,L,unknown
2025-08-15T20:48:15.114819,CASH,L,unknown
2025-08-15T20:48:16.293591,CASH,L,unknown
2025-08-15T20:48:17.439156,CASH,L,unknown
2025-08-15T20:56:03.847477,CASH,L,unknown
2025-08-15T20:56:04.288686,CASH,L,unknown
2025-08-15T20:56:05.481244,CASH,L,unknown
2025-08-15T20:56:06.658893,CASH,L,unknown
2025-08-15T20:56:07.812721,CASH,L,unknown
2025-08-15T20:56:08.949434,CASH,L,unknown
2025-08-15T20:56:10.104790,CASH,L,unknown
2025-08-15T20:56:11.228118,CASH,L,unknown
2025-08-15T20:56:12.464129,CASH,L,unknown
2025-08-15T20:56:13.601231,CASH,L,unknown
2025-08-15T20:56:14.856371,CASH,L,unknown
2025-08-15T20:56:15.996004,CASH,L,unknown
2025-08-15T22:37:46.512274,CASH,L,unknown
2025-08-15T22:37:47.545735,CASH,L,unknown
2025-08-15T22:37:48.006541,CASH,L,unknown
2025-08-15T22:37:48.922347,CASH,L,unknown
2025-08-15T22:37:49.027166,CASH,L,unknown
2025-08-15T22:37:50.056070,CASH,L,unknown
2025-08-15T22:37:51.103849,CASH,L,unknown
2025-08-15T23:11:10.104957,CASH,L,unknown
2025-08-15T23:11:10.326261,CASH,L,unknown
2025-08-15T23:11:10.459449,CASH,L,unknown
2025-08-15T23:11:10.589284,CASH,L,unknown
2025-08-15T23:11:10.715363,CASH,L,unknown
2025-08-15T23:11:10.832139,CASH,L,unknown
2025-08-15T23:11:10.971189,CASH,L,unknown
2025-08-15T23:11:11.104993,CASH,L,unknown
2025-08-15T23:11:11.457067,CASH,L,unknown
2025-08-15T23:11:11.583373,CASH,L,unknown
2025-08-15T23:11:11.707974,CASH,L,unknown
2025-08-15T23:11:11.902824,CASH,L,unknown
2025-08-15T23:11:12.028557,CASH,L,unknown
2025-08-15T23:11:12.499105,CASH,L,unknown
2025-08-15T23:11:12.636631,CASH,L,unknown
2025-08-15T23:11:12.763569,CASH,L,unknown
2025-08-15T23:19:37.371813,CASH,L,unknown
2025-08-15T23:19:37.730210,CASH,L,unknown
2025-08-15T23:19:37.873406,CASH,L,unknown
2025-08-15T23:19:38.036040,CASH,L,unknown
2025-08-15T23:19:39.655350,CASH,L,unknown
2025-08-15T23:19:40.050926,CASH,L,unknown
2025-08-15T23:19:41.119950,CASH,L,unknown
2025-08-15T23:19:42.390567,CASH,L,unknown
2025-08-15T23:19:43.327451,CASH,L,unknown
2025-08-15T23:19:44.370482,CASH,L,unknown
2025-08-15T23:19:45.519684,CASH,L,unknown
2025-08-15T23:19:46.703803,CASH,L,unknown
2025-08-15T23:19:47.902610,CASH,L,unknown
2025-08-15T23:19:48.924057,CASH,L,unknown
2025-08-15T23:20:46.161369,CASH,L,unknown
2025-08-15T23:20:46.625257,CASH,L,unknown
2025-08-15T23:20:46.810949,CASH,L,unknown
2025-08-15T23:20:47.027905,CASH,L,unknown
2025-08-15T23:20:47.609197,CASH,L,unknown
2025-08-15T23:20:47.771490,CASH,L,unknown
2025-08-15T23:20:47.930988,CASH,L,unknown
2025-08-15T23:20:48.115896,CASH,L,unknown
2025-08-15T23:20:48.772821,CASH,L,unknown
2025-08-15T23:20:48.933378,CASH,L,unknown
2025-08-15T23:20:49.202649,CASH,L,unknown
2025-08-15T23:20:49.936326,CASH,L,unknown
2025-08-15T23:20:52.255966,CASH,L,unknown
2025-08-15T23:20:52.645168,CASH,L,unknown
2025-08-15T23:20:52.849000,CASH,L,unknown
2025-08-15T23:20:53.014204,CASH,L,unknown
2025-08-15T23:21:15.525783,CASH,L,unknown
2025-08-15T23:21:15.998457,CASH,L,unknown
2025-08-15T23:21:17.122788,CASH,L,unknown
2025-08-15T23:21:18.277157,CASH,L,unknown
2025-08-15T23:21:19.378228,CASH,L,unknown
2025-08-15T23:21:20.549370,CASH,L,unknown
2025-08-15T23:21:21.744417,CASH,L,unknown
2025-08-15T23:21:22.890713,CASH,L,unknown
2025-08-15T23:21:24.409045,CASH,L,unknown
2025-08-15T23:21:25.085798,CASH,L,unknown
2025-08-15T23:21:26.281600,CASH,L,unknown
2025-08-15T23:21:27.339861,CASH,L,unknown
2025-08-15T23:21:28.530034,CASH,L,unknown
2025-08-15T23:21:29.583876,CASH,L,unknown
2025-08-15T23:21:30.815603,CASH,L,unknown
2025-08-15T23:21:31.961906,CASH,L,unknown
2025-08-15T23:21:33.648178,CASH,L,unknown
2025-08-15T23:21:34.302221,CASH,L,unknown
2025-08-15T23:21:35.230155,ADBE,L,unknown
2025-08-15T23:21:36.345303,ARG,L,unknown
2025-08-15T23:21:37.536318,B,L,unknown
2025-08-15T23:21:38.674787,BBAI,L,unknown
2025-08-15T23:21:39.766470,BIIB,L,unknown
2025-08-15T23:21:41.030024,QBTS,L,unknown
2025-08-15T23:21:42.194467,IFX,L,unknown
2025-08-15T23:21:43.214635,IONQ,L,unknown
2025-08-15T23:21:44.668445,NBIX,L,unknown
2025-08-15T23:21:45.661091,PBR-A,L,unknown
2025-08-15T23:21:46.778476,PFE,L,unknown
2025-08-15T23:21:48.059986,LAES,L,unknown
2025-08-15T23:21:49.258285,UPS,L,unknown
2025-08-15T23:21:50.303630,UTHR,L,unknown
2025-08-15T23:21:51.425397,UNH,L,unknown
2025-08-15T23:21:53.424476,CASH,L,unknown
2025-08-15T23:21:54.067951,CASH,L,unknown
2025-08-15T23:21:54.925118,ADBE,L,unknown
2025-08-15T23:21:56.053198,ARG,L,unknown
2025-08-15T23:21:57.239023,B,L,unknown
2025-08-15T23:21:58.381074,BBAI,L,unknown
2025-08-15T23:21:59.498571,BIIB,L,unknown
2025-08-15T23:22:00.684232,QBTS,L,unknown
2025-08-15T23:22:01.817223,IFX,L,unknown
2025-08-15T23:22:02.902962,IONQ,L,unknown
2025-08-15T23:22:04.168679,NBIX,L,unknown
2025-08-15T23:22:05.158287,PBR-A,L,unknown
2025-08-15T23:22:06.239568,PFE,L,unknown
2025-08-15T23:22:07.422125,LAES,L,unknown
2025-08-15T23:22:08.544529,UPS,L,unknown
2025-08-15T23:22:09.559056,UTHR,L,unknown
2025-08-15T23:22:10.654712,UNH,L,unknown
2025-08-15T23:22:12.476809,CASH,L,unknown
2025-08-15T23:22:13.177261,CASH,L,unknown
2025-08-15T23:22:14.172212,ADBE,L,unknown
2025-08-15T23:22:15.202166,ARG,L,unknown
2025-08-15T23:22:16.387582,B,L,unknown
2025-08-15T23:22:17.477123,BBAI,L,unknown
2025-08-15T23:22:18.592200,BIIB,L,unknown
2025-08-15T23:22:19.757227,QBTS,L,unknown
2025-08-15T23:22:20.888099,IFX,L,unknown
2025-08-15T23:22:21.943286,IONQ,L,unknown
2025-08-15T23:22:23.176836,NBIX,L,unknown
2025-08-15T23:22:24.175668,PBR-A,L,unknown
2025-08-15T23:22:25.267707,PFE,L,unknown
2025-08-15T23:22:26.467201,LAES,L,unknown
2025-08-15T23:22:27.692018,UPS,L,unknown
2025-08-15T23:22:28.730158,UTHR,L,unknown
2025-08-15T23:22:29.901408,UNH,L,unknown
2025-08-15T23:22:31.766853,CASH,L,unknown
2025-08-15T23:22:32.434233,CASH,L,unknown
2025-08-15T23:22:33.422401,ADBE,L,unknown
2025-08-15T23:22:34.593762,ARG,L,unknown
2025-08-15T23:22:35.991327,B,L,unknown
2025-08-15T23:22:37.156092,BBAI,L,unknown
2025-08-15T23:22:38.283616,BIIB,L,unknown
2025-08-15T23:22:39.505868,QBTS,L,unknown
2025-08-15T23:22:40.639769,IFX,L,unknown
2025-08-15T23:22:41.691815,IONQ,L,unknown
2025-08-15T23:22:42.887463,NBIX,L,unknown
2025-08-15T23:22:43.894250,PBR-A,L,unknown
2025-08-15T23:22:44.999329,PFE,L,unknown
2025-08-15T23:22:46.170493,LAES,L,unknown
2025-08-15T23:22:47.305687,UPS,L,unknown
2025-08-15T23:22:48.322961,UTHR,L,unknown
2025-08-15T23:22:49.403788,UNH,L,unknown
2025-08-15T23:22:51.216557,CASH,L,unknown
2025-08-15T23:22:51.951515,CASH,L,unknown
2025-08-15T23:22:52.047206,ADBE,L,unknown
2025-08-15T23:22:52.721882,ARG,L,unknown
2025-08-15T23:22:53.997824,B,L,unknown
2025-08-15T23:22:55.044440,BBAI,L,unknown
2025-08-15T23:22:56.125216,BIIB,L,unknown
2025-08-15T23:22:57.408185,QBTS,L,unknown
2025-08-15T23:22:58.462380,IFX,L,unknown
2025-08-15T23:22:59.589012,IONQ,L,unknown
2025-08-15T23:23:00.832182,NBIX,L,unknown
2025-08-15T23:23:01.839127,PBR-A,L,unknown
2025-08-15T23:23:02.941799,PFE,L,unknown
2025-08-15T23:23:04.085066,LAES,L,unknown
2025-08-15T23:23:05.266848,UPS,L,unknown
2025-08-15T23:23:06.363772,UTHR,L,unknown
2025-08-15T23:23:07.523006,UNH,L,unknown
2025-08-15T23:23:08.944610,CASH,L,unknown
2025-08-15T23:23:09.909673,CASH,L,unknown
2025-08-15T23:23:10.966155,ADBE,L,unknown
2025-08-15T23:23:12.060617,ARG,L,unknown
2025-08-15T23:23:13.229822,B,L,unknown
2025-08-15T23:23:14.503868,BBAI,L,unknown
2025-08-15T23:23:15.675342,BIIB,L,unknown
2025-08-15T23:23:17.024797,QBTS,L,unknown
2025-08-15T23:23:18.139195,IFX,L,unknown
2025-08-15T23:23:19.112755,IONQ,L,unknown
2025-08-15T23:23:20.788310,NBIX,L,unknown
2025-08-15T23:23:21.451426,PBR-A,L,unknown
2025-08-15T23:23:22.507656,PFE,L,unknown
2025-08-15T23:23:23.666280,LAES,L,unknown
2025-08-15T23:23:24.799012,UPS,L,unknown
2025-08-15T23:23:25.867476,UTHR,L,unknown
2025-08-15T23:23:26.955148,UNH,L,unknown
2025-08-15T23:23:28.360281,CADGBP,FX,unknown
2025-08-15T23:23:29.975793,CASH,L,unknown
2025-08-15T23:23:30.900930,CASH,L,unknown
2025-08-15T23:23:31.925411,ADBE,L,unknown
2025-08-15T23:23:32.946213,ARG,L,unknown
2025-08-15T23:23:34.132734,B,L,unknown
2025-08-15T23:23:35.183131,BBAI,L,unknown
2025-08-15T23:23:36.309902,BIIB,L,unknown
2025-08-15T23:23:37.593915,QBTS,L,unknown
2025-08-15T23:23:38.743490,IFX,L,unknown
2025-08-15T23:23:39.717649,IONQ,L,unknown
2025-08-15T23:23:41.033262,NBIX,L,unknown
2025-08-15T23:23:41.932757,PBR-A,L,unknown
2025-08-15T23:23:43.025300,PFE,L,unknown
2025-08-15T23:23:44.147630,LAES,L,unknown
2025-08-15T23:23:45.276040,UPS,L,unknown
2025-08-15T23:23:46.361183,UTHR,L,unknown
2025-08-15T23:23:47.440114,UNH,L,unknown
2025-08-15T23:23:49.207716,CASH,L,unknown
2025-08-15T23:23:49.979966,CASH,L,unknown
2025-08-15T23:23:50.043444,ADBE,L,unknown
2025-08-15T23:23:50.951397,ARG,L,unknown
2025-08-15T23:23:52.114700,B,L,unknown
2025-08-15T23:23:53.193609,BBAI,L,unknown
2025-08-15T23:23:54.376602,BIIB,L,unknown
2025-08-15T23:23:55.617836,QBTS,L,unknown
2025-08-15T23:23:56.743826,IFX,L,unknown
2025-08-15T23:23:57.750175,IONQ,L,unknown
2025-08-15T23:23:59.115366,NBIX,L,unknown
2025-08-15T23:23:59.985533,PBR-A,L,unknown
2025-08-15T23:24:01.132188,PFE,L,unknown
2025-08-15T23:24:02.387568,LAES,L,unknown
2025-08-15T23:24:03.560863,UPS,L,unknown
2025-08-15T23:24:04.528193,UTHR,L,unknown
2025-08-15T23:24:05.769383,UNH,L,unknown
2025-08-15T23:27:35.894207,CASH,L,unknown
2025-08-15T23:27:36.197242,CASH,L,unknown
2025-08-15T23:27:37.325395,CASH,L,unknown
2025-08-15T23:27:38.415256,CASH,L,unknown
2025-08-15T23:27:39.496474,CASH,L,unknown
2025-08-15T23:27:40.585409,CASH,L,unknown
2025-08-15T23:27:41.705966,CASH,L,unknown
2025-08-15T23:27:42.791459,CASH,L,unknown
2025-08-15T23:27:43.937082,CASH,L,unknown
2025-08-15T23:27:44.962015,CASH,L,unknown
2025-08-15T23:27:46.113896,CASH,L,unknown
2025-08-15T23:27:47.206462,CASH,L,unknown
2025-08-15T23:27:48.559075,CASH,L,unknown
2025-08-15T23:27:49.394039,CASH,L,unknown
2025-08-15T23:27:50.475194,CASH,L,unknown
2025-08-15T23:27:51.575323,CASH,L,unknown
2025-08-15T23:27:52.953501,CASH,L,unknown
2025-08-15T23:27:53.837299,CASH,L,unknown
2025-08-15T23:27:54.832653,ADBE,L,unknown
2025-08-15T23:27:55.871654,ARG,L,unknown
2025-08-15T23:27:57.045517,B,L,unknown
2025-08-15T23:27:58.152281,BBAI,L,unknown
2025-08-15T23:27:59.280789,BIIB,L,unknown
2025-08-15T23:28:00.454552,QBTS,L,unknown
2025-08-15T23:28:01.646887,IFX,L,unknown
2025-08-15T23:28:02.706981,IONQ,L,unknown
2025-08-15T23:28:03.943657,NBIX,L,unknown
2025-08-15T23:28:04.940814,PBR-A,L,unknown
2025-08-15T23:28:06.048310,PFE,L,unknown
2025-08-15T23:28:07.162287,LAES,L,unknown
2025-08-15T23:28:08.284916,UPS,L,unknown
2025-08-15T23:28:09.346913,UTHR,L,unknown
2025-08-15T23:28:10.443865,UNH,L,unknown
2025-08-15T23:28:11.930698,CASH,L,unknown
2025-08-15T23:28:12.846630,CASH,L,unknown
2025-08-15T23:28:13.798386,ADBE,L,unknown
2025-08-15T23:28:14.845339,ARG,L,unknown
2025-08-15T23:28:16.017476,B,L,unknown
2025-08-15T23:28:17.149683,BBAI,L,unknown
2025-08-15T23:28:18.214714,BIIB,L,unknown
2025-08-15T23:28:19.386109,QBTS,L,unknown
2025-08-15T23:28:20.486375,IFX,L,unknown
2025-08-15T23:28:21.497730,IONQ,L,unknown
2025-08-15T23:28:22.687353,NBIX,L,unknown
2025-08-15T23:28:23.675623,PBR-A,L,unknown
2025-08-15T23:28:24.783696,PFE,L,unknown
2025-08-15T23:28:25.954498,LAES,L,unknown
2025-08-15T23:28:27.107981,UPS,L,unknown
2025-08-15T23:28:28.136183,UTHR,L,unknown
2025-08-15T23:28:29.216670,UNH,L,unknown
2025-08-15T23:28:31.054551,CASH,L,unknown
2025-08-15T23:28:31.705490,CASH,L,unknown
2025-08-15T23:28:31.767060,ADBE,L,unknown
2025-08-15T23:28:32.516191,ARG,L,unknown
2025-08-15T23:28:33.695816,B,L,unknown
2025-08-15T23:28:34.744582,BBAI,L,unknown
2025-08-15T23:28:35.885887,BIIB,L,unknown
2025-08-15T23:28:37.008573,QBTS,L,unknown
2025-08-15T23:28:38.136332,IFX,L,unknown
2025-08-15T23:28:39.180742,IONQ,L,unknown
2025-08-15T23:30:10.885678,CASH,L,unknown
2025-08-15T23:30:11.215635,CASH,L,unknown
2025-08-15T23:30:13.617603,CASH,L,unknown
2025-08-15T23:30:13.978831,CASH,L,unknown
2025-08-15T23:30:14.237025,CASH,L,unknown
2025-08-15T23:30:14.958253,CASH,L,unknown
2025-08-15T23:30:15.985930,CASH,L,unknown
2025-08-15T23:30:16.186955,CASH,L,unknown
2025-08-15T23:30:17.296642,CASH,L,unknown
2025-08-15T23:30:18.348136,CASH,L,unknown
2025-08-15T23:30:19.486186,CASH,L,unknown
2025-08-15T23:30:20.723967,CASH,L,unknown
2025-08-16T12:51:52.958747,GB00B7Q0Q826,L,unknown
2025-08-16T12:51:56.007991,GB00B45Q9038,L,unknown
2025-08-16T12:53:29.398842,GB00B1H05049,L,unknown
2025-08-16T12:53:54.029613,DGE,L,unknown
2025-08-16T13:01:04.357151,IE00BYV1RG46,L,unknown
2025-08-16T13:01:10.916928,XDEV,L,unknown
2025-08-16T13:04:38.919612,EUDV,L,unknown
2025-08-16T13:04:39.533822,JPM,N,unknown
2025-08-16T13:04:53.640336,IUKP,L,unknown
2025-08-16T13:07:14.184539,IPRP,L,unknown
2025-08-16T22:02:55.310539,CASH,L,unknown
2025-08-16T22:02:55.520082,CASH,L,unknown
2025-08-16T22:02:55.629231,CASH,L,unknown
2025-08-16T22:02:55.713828,CASH,L,unknown
2025-08-16T22:02:55.809223,CASH,L,unknown
2025-08-16T22:02:55.895398,CASH,L,unknown
2025-08-16T22:02:55.992504,CASH,L,unknown
2025-08-16T22:02:56.084907,CASH,L,unknown
2025-08-16T22:02:56.634572,CASH,L,unknown
2025-08-16T22:02:56.722486,CASH,L,unknown
2025-08-16T22:02:56.819874,CASH,L,unknown
2025-08-16T22:02:56.916960,CASH,L,unknown
2025-08-16T22:02:57.018898,CASH,L,unknown
2025-08-16T22:02:57.751136,CASH,L,unknown
2025-08-16T22:02:57.842429,CASH,L,unknown
2025-08-16T22:02:57.953843,CASH,L,unknown
2025-08-17T08:25:29.812237,CASH,L,unknown
2025-08-17T08:25:30.198824,CASH,L,unknown
2025-08-17T08:25:31.404004,CASH,L,unknown
2025-08-17T08:25:32.482166,CASH,L,unknown
2025-08-17T08:25:33.518691,CASH,L,unknown
2025-08-17T08:25:34.671772,CASH,L,unknown
2025-08-17T08:25:35.798317,CASH,L,unknown
2025-08-17T08:25:36.995593,CASH,L,unknown
2025-08-17T08:25:42.768789,CASH,L,unknown
2025-08-17T08:25:43.015299,CASH,L,unknown
2025-08-17T08:25:44.111660,CASH,L,unknown
2025-08-17T08:25:45.193211,CASH,L,unknown
2025-08-17T08:25:46.331682,CASH,L,unknown
2025-08-17T08:25:47.388265,CASH,L,unknown
2025-08-17T08:25:48.499067,CASH,L,unknown
2025-08-17T08:25:49.607352,CASH,L,unknown
2025-08-17T22:52:47.828644,CASH,L,unknown
2025-08-17T22:52:48.151409,CASH,L,unknown
2025-08-17T22:52:49.232110,CASH,L,unknown
2025-08-17T22:52:50.342279,CASH,L,unknown
2025-08-17T22:52:51.593756,CASH,L,unknown
2025-08-17T22:52:55.559174,CASH,L,unknown
2025-08-17T22:52:56.055185,CASH,L,unknown
2025-08-17T22:52:56.942154,ADBE,L,unknown
2025-08-17T22:52:57.956980,ARG,L,unknown
2025-08-17T22:52:59.093322,B,L,unknown
2025-08-17T22:53:00.253960,BBAI,L,unknown
2025-08-17T22:53:01.345198,BIIB,L,unknown
2025-08-17T22:53:02.724230,QBTS,L,unknown
2025-08-17T22:53:04.024221,IFX,L,unknown
2025-08-17T22:53:04.766514,IONQ,L,unknown
2025-08-17T22:53:06.116204,NBIX,L,unknown
2025-08-17T22:53:06.955355,PBR-A,L,unknown
2025-08-17T22:53:08.019166,PFE,L,unknown
2025-08-17T22:53:09.144830,LAES,L,unknown
2025-08-17T22:53:10.274626,UPS,L,unknown
2025-08-17T22:53:11.325348,UTHR,L,unknown
2025-08-17T22:53:12.424156,UNH,L,unknown
2025-08-17T22:53:14.517801,CASH,L,unknown
2025-08-17T22:53:14.682409,CASH,L,unknown
2025-08-17T22:53:14.776935,CASH,L,unknown
2025-08-17T22:53:14.870432,CASH,L,unknown
2025-08-17T22:53:14.959844,CASH,L,unknown
2025-08-17T22:53:15.328887,CASH,L,unknown
2025-08-17T22:53:15.845609,CASH,L,unknown
2025-08-17T22:53:15.887693,ADBE,L,unknown
2025-08-17T22:53:16.796123,ARG,L,unknown
2025-08-17T22:53:17.928767,B,L,unknown
2025-08-17T22:53:19.012831,BBAI,L,unknown
2025-08-17T22:53:20.119289,BIIB,L,unknown
2025-08-17T22:53:21.274378,QBTS,L,unknown
2025-08-17T22:53:22.378434,IFX,L,unknown
2025-08-17T22:53:23.401516,IONQ,L,unknown
2025-08-17T22:53:24.624216,NBIX,L,unknown
2025-08-17T22:53:25.642228,PBR-A,L,unknown
2025-08-17T22:53:26.709326,PFE,L,unknown
2025-08-17T22:53:27.820325,LAES,L,unknown
2025-08-17T22:53:28.922629,UPS,L,unknown
2025-08-17T22:53:29.948464,UTHR,L,unknown
2025-08-17T22:53:31.040399,UNH,L,unknown
2025-08-18T02:19:16.743441,CASH,L,unknown
2025-08-18T02:19:17.477120,CASH,L,unknown
2025-08-18T02:19:19.029282,CASH,L,unknown
2025-08-18T02:19:20.252248,CASH,L,unknown
2025-08-18T06:04:13.337883,CASH,L,unknown
2025-08-18T06:24:56.911499,CASH,L,unknown
2025-08-18T06:25:21.704065,CASH,L,unknown
2025-08-18T06:25:23.952857,ADBE,L,unknown
2025-08-18T06:25:24.812272,ARG,L,unknown
2025-08-18T06:25:30.523004,B,L,unknown
2025-08-18T06:25:31.787363,BBAI,L,unknown
2025-08-18T06:25:35.944327,BIIB,L,unknown
2025-08-18T06:25:40.277976,QBTS,L,unknown
2025-08-18T06:25:42.730054,IFX,L,unknown
2025-08-18T06:25:43.501613,IONQ,L,unknown
2025-08-18T06:25:45.516116,NBIX,L,unknown
2025-08-18T06:25:46.196703,PBR-A,L,unknown
2025-08-18T06:25:47.768253,PFE,L,unknown
2025-08-18T06:25:49.512753,LAES,L,unknown
2025-08-18T06:25:51.132329,UPS,L,unknown
2025-08-18T06:25:51.727697,UTHR,L,unknown
2025-08-18T06:25:52.873297,UNH,L,unknown
2025-08-18T06:25:55.143516,CASH,L,unknown
2025-08-18T06:25:55.635336,CASH,L,unknown
2025-08-18T06:25:56.105152,CASH,L,unknown
2025-08-18T06:25:56.846436,CASH,L,unknown
2025-08-18T06:25:57.334451,CASH,L,unknown
2025-08-18T06:25:59.312153,CASH,L,unknown
2025-08-18T06:25:59.954821,CASH,L,unknown
2025-08-18T06:26:00.087331,ADBE,L,unknown
2025-08-18T06:26:00.557281,ARG,L,unknown
2025-08-18T06:26:01.775954,B,L,unknown
2025-08-18T06:26:02.869636,BBAI,L,unknown
2025-08-18T06:26:03.899434,BIIB,L,unknown
2025-08-18T06:26:05.313224,QBTS,L,unknown
2025-08-18T06:26:06.566876,IFX,L,unknown
2025-08-18T06:26:07.264444,IONQ,L,unknown
2025-08-18T06:26:09.703464,NBIX,L,unknown
2025-08-18T06:26:09.861880,PBR-A,L,unknown
2025-08-18T06:26:10.906669,PFE,L,unknown
2025-08-18T06:26:12.111270,LAES,L,unknown
2025-08-18T06:26:13.365472,UPS,L,unknown
2025-08-18T06:26:14.253830,UTHR,L,unknown
2025-08-18T06:26:15.347968,UNH,L,unknown
2025-08-18T10:23:40.900473,CASH,L,unknown
2025-08-18T10:23:41.520319,CASH,L,unknown
2025-08-18T10:23:42.761570,CASH,L,unknown
2025-08-18T10:23:43.361558,CASH,L,unknown
2025-08-18T10:23:43.728388,CASH,L,unknown
2025-08-18T10:23:45.501949,CASH,L,unknown
2025-08-18T10:23:46.198948,CASH,L,unknown
2025-08-18T10:23:46.436056,ADBE,L,unknown
2025-08-18T10:23:46.452383,ARG,L,unknown
2025-08-18T10:23:47.140792,B,L,unknown
2025-08-18T10:23:47.232926,BBAI,L,unknown
2025-08-18T10:23:47.262051,BIIB,L,unknown
2025-08-18T10:23:48.004088,QBTS,L,unknown
2025-08-18T10:23:48.597150,IFX,L,unknown
2025-08-18T10:23:48.653890,IONQ,L,unknown
2025-08-18T10:23:49.154989,NBIX,L,unknown
2025-08-18T10:23:49.245623,PBR-A,L,unknown
2025-08-18T10:23:49.262518,PFE,L,unknown
2025-08-18T10:23:49.597162,LAES,L,unknown
2025-08-18T10:23:50.126884,UPS,L,unknown
2025-08-18T10:23:50.146781,UTHR,L,unknown
2025-08-18T10:23:50.182432,UNH,L,unknown
2025-08-18T10:23:51.339845,CASH,L,unknown
2025-08-18T10:23:51.559216,CASH,L,unknown
2025-08-18T10:23:51.846915,CASH,L,unknown
2025-08-18T10:23:52.151801,CASH,L,unknown
2025-08-18T10:23:52.920534,CASH,L,unknown
2025-08-18T10:23:54.555077,CASH,L,unknown
2025-08-18T10:23:54.917322,CASH,L,unknown
2025-08-18T10:23:55.044662,ADBE,L,unknown
2025-08-18T10:23:55.062209,ARG,L,unknown
2025-08-18T10:23:55.144887,B,L,unknown
2025-08-18T10:23:55.189122,BBAI,L,unknown
2025-08-18T10:23:55.207624,BIIB,L,unknown
2025-08-18T10:23:55.367944,QBTS,L,unknown
2025-08-18T10:23:55.693569,IFX,L,unknown
2025-08-18T10:23:56.853550,IONQ,L,unknown
2025-08-18T10:23:57.396931,NBIX,L,unknown
2025-08-18T10:23:57.495478,PBR-A,L,unknown
2025-08-18T10:23:57.529875,PFE,L,unknown
2025-08-18T10:23:57.624158,LAES,L,unknown
2025-08-18T10:23:57.889896,UPS,L,unknown
2025-08-18T10:23:57.917395,UTHR,L,unknown
2025-08-18T10:23:57.950721,UNH,L,unknown
2025-08-18T12:53:13.503557,CASH,L,unknown
2025-08-18T12:53:14.730577,CASH,L,unknown
2025-08-18T12:53:16.434302,CASH,L,unknown
2025-08-18T12:53:17.912832,CASH,L,unknown
2025-08-18T12:53:19.390638,CASH,L,unknown
2025-08-18T12:53:21.366113,CASH,L,unknown
2025-08-18T12:53:22.488620,CASH,L,unknown
2025-08-18T12:53:23.799593,ADBE,L,unknown
2025-08-18T12:53:26.085640,ARG,L,unknown
2025-08-18T12:53:27.827335,B,L,unknown
2025-08-18T12:53:29.285713,BBAI,L,unknown
2025-08-18T12:53:30.745719,BIIB,L,unknown
2025-08-18T12:53:32.348350,QBTS,L,unknown
2025-08-18T12:53:33.928208,IFX,L,unknown
2025-08-18T12:53:35.761994,IONQ,L,unknown
2025-08-18T12:53:37.606931,NBIX,L,unknown
2025-08-18T12:53:38.765646,PBR-A,L,unknown
2025-08-18T12:53:40.245462,PFE,L,unknown
2025-08-18T12:53:42.150215,LAES,L,unknown
2025-08-18T12:53:44.020821,UPS,L,unknown
2025-08-18T12:53:45.561420,UTHR,L,unknown
2025-08-18T12:53:47.065835,UNH,L,unknown
2025-08-18T12:53:53.454725,CASH,L,unknown
2025-08-18T12:53:54.600695,CASH,L,unknown
2025-08-18T12:53:56.415929,CASH,L,unknown
2025-08-18T12:53:58.063308,CASH,L,unknown
2025-08-18T12:54:00.102005,CASH,L,unknown
2025-08-18T12:54:03.478703,CASH,L,unknown
2025-08-18T12:54:05.535673,CASH,L,unknown
2025-08-18T12:54:06.564455,ADBE,L,unknown
2025-08-18T12:54:08.469844,ARG,L,unknown
2025-08-18T12:54:12.086477,B,L,unknown
2025-08-18T12:54:14.457812,BBAI,L,unknown
2025-08-18T12:54:16.643726,BIIB,L,unknown
2025-08-18T12:54:19.485945,QBTS,L,unknown
2025-08-18T12:54:20.850209,IFX,L,unknown
2025-08-18T12:54:22.661094,IONQ,L,unknown
2025-08-18T12:54:25.816453,NBIX,L,unknown
2025-08-18T12:54:27.242407,PBR-A,L,unknown
2025-08-18T12:54:28.728348,PFE,L,unknown
2025-08-18T12:54:30.285244,LAES,L,unknown
2025-08-18T12:54:31.984048,UPS,L,unknown
2025-08-18T12:54:33.685661,UTHR,L,unknown
2025-08-18T12:54:35.139699,UNH,L,unknown
2025-08-18T19:36:06.892694,CASH,L,unknown
2025-08-18T19:36:07.573024,CASH,L,unknown
2025-08-18T19:36:08.603610,CASH,L,unknown
2025-08-18T19:36:09.658953,CASH,L,unknown
2025-08-18T19:36:10.774850,CASH,L,unknown
2025-08-18T19:36:12.960749,CASH,L,unknown
2025-08-18T19:36:13.622182,CASH,L,unknown
2025-08-18T19:36:14.388211,ADBE,L,unknown
2025-08-18T19:36:15.445940,ARG,L,unknown
2025-08-18T19:36:16.748183,B,L,unknown
2025-08-18T19:36:17.876507,BBAI,L,unknown
2025-08-18T19:36:19.118251,BIIB,L,unknown
2025-08-18T19:36:20.420653,QBTS,L,unknown
2025-08-18T19:36:21.567793,IFX,L,unknown
2025-08-18T19:36:22.485522,IONQ,L,unknown
2025-08-18T19:36:23.931345,NBIX,L,unknown
2025-08-18T19:36:24.732315,PBR-A,L,unknown
2025-08-18T19:36:25.865641,PFE,L,unknown
2025-08-18T19:36:27.098915,LAES,L,unknown
2025-08-18T19:36:28.294011,UPS,L,unknown
2025-08-18T19:36:29.282238,UTHR,L,unknown
2025-08-18T19:36:30.470598,UNH,L,unknown
2025-08-18T19:36:33.892888,CASH,L,unknown
2025-08-18T19:36:34.418256,CASH,L,unknown
2025-08-18T19:36:35.777651,CASH,L,unknown
2025-08-18T19:36:36.926868,CASH,L,unknown
2025-08-18T19:36:38.056290,CASH,L,unknown
2025-08-18T19:36:39.799470,CASH,L,unknown
2025-08-18T19:36:40.586833,CASH,L,unknown
2025-08-18T19:36:41.567701,ADBE,L,unknown
2025-08-18T19:36:42.761375,ARG,L,unknown
2025-08-18T19:36:44.022240,B,L,unknown
2025-08-18T19:36:45.190136,BBAI,L,unknown
2025-08-18T19:36:46.509182,BIIB,L,unknown
2025-08-18T19:36:48.422891,QBTS,L,unknown
2025-08-18T19:36:49.628203,IFX,L,unknown
2025-08-18T19:36:50.650580,IONQ,L,unknown
2025-08-18T19:36:52.240262,NBIX,L,unknown
2025-08-18T19:36:53.204622,PBR-A,L,unknown
2025-08-18T19:36:54.331754,PFE,L,unknown
2025-08-18T19:36:55.622941,LAES,L,unknown
2025-08-18T19:36:56.913911,UPS,L,unknown
2025-08-18T19:36:57.968066,UTHR,L,unknown
2025-08-18T19:36:59.069258,UNH,L,unknown
2025-08-18T19:50:20.173211,CASH,L,unknown
2025-08-18T19:50:33.798212,CASH,L,unknown
2025-08-18T19:50:40.495905,CASH,L,unknown
2025-08-18T19:50:43.292966,CASH,L,unknown
2025-08-18T19:50:49.705813,CASH,L,unknown
2025-08-18T19:50:53.681012,CASH,L,unknown
2025-08-18T19:50:55.471598,CASH,L,unknown
2025-08-18T19:50:58.652132,ADBE,L,unknown
2025-08-18T19:51:01.636106,ARG,L,unknown
2025-08-18T19:51:03.197278,B,L,unknown
2025-08-18T19:51:05.924784,BBAI,L,unknown
2025-08-18T19:51:07.313171,BIIB,L,unknown
2025-08-18T19:51:12.950074,QBTS,L,unknown
2025-08-18T19:51:19.499749,IFX,L,unknown
2025-08-18T19:51:24.527489,IONQ,L,unknown
2025-08-18T19:51:29.689708,NBIX,L,unknown
2025-08-18T19:51:38.192548,PBR-A,L,unknown
2025-08-18T19:51:43.226364,PFE,L,unknown
2025-08-18T19:51:52.226796,LAES,L,unknown
2025-08-18T19:51:57.114010,UPS,L,unknown
2025-08-18T19:52:06.275936,UTHR,L,unknown
2025-08-18T19:52:11.299441,UNH,L,unknown
2025-08-18T19:52:17.237934,CASH,L,unknown
2025-08-18T19:52:23.496510,CASH,L,unknown
2025-08-18T19:52:31.678712,CASH,L,unknown
2025-08-18T19:52:36.198102,CASH,L,unknown
2025-08-18T19:52:44.279602,CASH,L,unknown
2025-08-18T19:52:49.908933,CASH,L,unknown
2025-08-18T19:52:59.921010,CASH,L,unknown
2025-08-18T19:53:05.045807,ADBE,L,unknown
2025-08-18T19:53:10.070469,ARG,L,unknown
2025-08-18T19:53:15.152438,B,L,unknown
2025-08-18T19:53:20.199186,BBAI,L,unknown
2025-08-18T19:53:25.235868,BIIB,L,unknown
2025-08-18T19:53:31.775898,QBTS,L,unknown
2025-08-18T19:53:40.445846,IFX,L,unknown
2025-08-18T19:53:49.451413,IONQ,L,unknown
2025-08-18T19:53:54.754599,NBIX,L,unknown
2025-08-18T19:53:59.807373,PBR-A,L,unknown
2025-08-18T19:54:04.830311,PFE,L,unknown
2025-08-18T19:54:09.923186,LAES,L,unknown
2025-08-18T19:54:15.069988,UPS,L,unknown
2025-08-18T19:54:20.077662,UTHR,L,unknown
2025-08-18T19:54:25.115952,UNH,L,unknown
2025-08-18T19:54:30.530892,CASH,L,unknown
2025-08-18T19:54:35.732079,CASH,L,unknown
2025-08-18T19:54:44.351411,CASH,L,unknown
2025-08-18T19:54:49.562807,CASH,L,unknown
2025-08-18T19:55:00.085840,CASH,L,unknown
2025-08-18T19:55:10.962773,CASH,L,unknown
2025-08-18T19:55:22.013114,CASH,L,unknown
2025-08-18T19:55:31.982481,ADBE,L,unknown
2025-08-18T19:55:47.918233,ARG,L,unknown
2025-08-18T19:55:53.002464,B,L,unknown
2025-08-18T19:55:58.039732,BBAI,L,unknown
2025-08-18T19:56:03.064297,BIIB,L,unknown
2025-08-18T19:56:14.855677,QBTS,L,unknown
2025-08-18T19:56:20.012502,IFX,L,unknown
2025-08-18T19:56:25.049158,IONQ,L,unknown
2025-08-18T19:56:30.389767,NBIX,L,unknown
2025-08-18T19:56:35.421965,PBR-A,L,unknown
2025-08-18T19:56:35.438134,PFE,L,unknown
2025-08-18T19:56:35.518446,LAES,L,unknown
2025-08-18T19:56:35.647456,UPS,L,unknown
2025-08-18T19:56:35.647456,UTHR,L,unknown
2025-08-18T19:56:35.661576,UNH,L,unknown
2025-08-18T20:57:55.573748,CASH,L,unknown
2025-08-18T20:57:55.737206,CASH,L,unknown
2025-08-18T20:57:55.990526,CASH,L,unknown
2025-08-18T20:57:56.300235,CASH,L,unknown
2025-08-18T20:57:56.516059,CASH,L,unknown
2025-08-18T20:57:57.447396,CASH,L,unknown
2025-08-18T20:57:57.818945,CASH,L,unknown
2025-08-18T20:57:57.947989,ADBE,L,unknown
2025-08-18T20:57:57.987713,ARG,L,unknown
2025-08-18T20:57:58.091900,B,L,unknown
2025-08-18T20:57:58.167791,BBAI,L,unknown
2025-08-18T20:57:58.208073,BIIB,L,unknown
2025-08-18T20:57:58.368086,QBTS,L,unknown
2025-08-18T20:57:58.563234,IFX,L,unknown
2025-08-18T20:58:01.716377,IONQ,L,unknown
2025-08-18T20:58:02.066597,NBIX,L,unknown
2025-08-18T20:58:02.151951,PBR-A,L,unknown
2025-08-18T20:58:02.226223,PFE,L,unknown
2025-08-18T20:58:02.355323,LAES,L,unknown
2025-08-18T20:58:02.544728,UPS,L,unknown
2025-08-18T20:58:02.608915,UTHR,L,unknown
2025-08-18T20:58:02.688754,UNH,L,unknown
2025-08-18T20:58:03.900719,CASH,L,unknown
2025-08-18T20:58:07.182075,CASH,L,unknown
2025-08-18T20:58:07.444681,CASH,L,unknown
2025-08-18T20:58:07.729442,CASH,L,unknown
2025-08-18T20:58:07.978549,CASH,L,unknown
2025-08-18T20:58:08.781965,CASH,L,unknown
2025-08-18T20:58:09.226386,CASH,L,unknown
2025-08-18T20:58:09.369823,ADBE,L,unknown
2025-08-18T20:58:09.417647,ARG,L,unknown
2025-08-18T20:58:09.564861,B,L,unknown
2025-08-18T20:58:09.640899,BBAI,L,unknown
2025-08-18T20:58:09.704988,BIIB,L,unknown
2025-08-18T20:58:09.832668,QBTS,L,unknown
2025-08-18T20:58:10.057917,IFX,L,unknown
2025-08-18T20:58:11.126365,IONQ,L,unknown
2025-08-18T20:58:11.544365,NBIX,L,unknown
2025-08-18T20:58:11.605962,PBR-A,L,unknown
2025-08-18T20:58:12.711901,PFE,L,unknown
2025-08-18T20:58:12.838967,LAES,L,unknown
2025-08-18T20:58:12.981426,UPS,L,unknown
2025-08-18T20:58:14.084943,UTHR,L,unknown
2025-08-18T20:58:14.180702,UNH,L,unknown
2025-08-18T20:58:14.595601,CASH,L,unknown
2025-08-18T20:58:14.872311,CASH,L,unknown
2025-08-18T20:58:15.124957,CASH,L,unknown
2025-08-18T20:58:15.343191,CASH,L,unknown
2025-08-18T20:58:16.582874,CASH,L,unknown
2025-08-18T20:58:17.438675,CASH,L,unknown
2025-08-18T20:58:17.852015,CASH,L,unknown
2025-08-18T20:58:17.995833,ADBE,L,unknown
2025-08-18T20:58:18.062429,ARG,L,unknown
2025-08-18T20:58:18.228716,B,L,unknown
2025-08-18T20:58:18.301408,BBAI,L,unknown
2025-08-18T20:58:18.347216,BIIB,L,unknown
2025-08-18T20:58:18.561150,QBTS,L,unknown
2025-08-18T20:58:18.777720,IFX,L,unknown
2025-08-18T20:58:18.841428,IONQ,L,unknown
2025-08-18T20:58:19.238871,NBIX,L,unknown
2025-08-18T20:58:19.318575,PBR-A,L,unknown
2025-08-18T20:58:19.382513,PFE,L,unknown
2025-08-18T20:58:20.500760,LAES,L,unknown
2025-08-18T20:58:20.679327,UPS,L,unknown
2025-08-18T20:58:20.724576,UTHR,L,unknown
2025-08-18T20:58:20.793514,UNH,L,unknown
2025-08-18T20:58:23.243198,CASH,L,unknown
2025-08-18T20:58:23.483289,CASH,L,unknown
2025-08-18T20:58:23.751001,CASH,L,unknown
2025-08-18T20:58:24.021748,CASH,L,unknown
2025-08-18T20:58:24.284101,CASH,L,unknown
2025-08-18T20:58:25.151039,CASH,L,unknown
2025-08-18T20:58:25.613050,CASH,L,unknown
2025-08-18T20:58:25.756266,ADBE,L,unknown
2025-08-18T20:58:25.804267,ARG,L,unknown
2025-08-18T20:58:25.948484,B,L,unknown
2025-08-18T20:58:26.030017,BBAI,L,unknown
2025-08-18T20:58:26.092356,BIIB,L,unknown
2025-08-18T20:58:26.305305,QBTS,L,unknown
2025-08-18T20:58:26.545274,IFX,L,unknown
2025-08-18T20:58:27.610500,IONQ,L,unknown
2025-08-18T20:58:27.981985,NBIX,L,unknown
2025-08-18T20:58:28.056442,PBR-A,L,unknown
2025-08-18T20:58:28.122319,PFE,L,unknown
2025-08-18T20:58:28.262956,LAES,L,unknown
2025-08-18T20:58:29.467434,UPS,L,unknown
2025-08-18T20:58:29.516845,UTHR,L,unknown
2025-08-18T20:58:29.557156,UNH,L,unknown
2025-08-18T21:23:17.286771,CASH,L,unknown
2025-08-18T21:23:22.472331,CASH,L,unknown
2025-08-18T21:23:23.715913,CASH,L,unknown
2025-08-18T21:23:23.986402,CASH,L,unknown
2025-08-18T21:23:24.288488,CASH,L,unknown
2025-08-18T21:23:25.162049,CASH,L,unknown
2025-08-18T21:23:28.500986,CASH,L,unknown
2025-08-18T21:23:28.717310,ADBE,L,unknown
2025-08-18T21:23:28.768644,ARG,L,unknown
2025-08-18T21:23:28.869405,B,L,unknown
2025-08-18T21:23:28.932875,BBAI,L,unknown
2025-08-18T21:23:28.966322,BIIB,L,unknown
2025-08-18T21:23:29.156727,QBTS,L,unknown
2025-08-18T21:23:29.338533,IFX,L,unknown
2025-08-18T21:23:29.398865,IONQ,L,unknown
2025-08-18T21:23:29.717471,NBIX,L,unknown
2025-08-18T21:23:32.789127,PBR-A,L,unknown
2025-08-18T21:23:32.870332,PFE,L,unknown
2025-08-18T21:23:32.989559,LAES,L,unknown
2025-08-18T21:23:33.155192,UPS,L,unknown
2025-08-18T21:23:33.218693,UTHR,L,unknown
2025-08-18T21:23:33.366791,UNH,L,unknown
2025-08-18T21:23:35.039516,CASH,L,unknown
2025-08-18T21:23:36.932484,CASH,L,unknown
2025-08-18T21:23:37.185174,CASH,L,unknown
2025-08-18T21:23:37.393214,CASH,L,unknown
2025-08-18T21:23:37.678694,CASH,L,unknown
2025-08-18T21:23:38.285016,CASH,L,unknown
2025-08-18T21:23:38.619723,CASH,L,unknown
2025-08-18T21:23:38.777461,ADBE,L,unknown
2025-08-18T21:23:38.826943,ARG,L,unknown
2025-08-18T21:23:38.922915,B,L,unknown
2025-08-18T21:23:38.970376,BBAI,L,unknown
2025-08-18T21:23:39.018432,BIIB,L,unknown
2025-08-18T21:23:39.145406,QBTS,L,unknown
2025-08-18T21:23:39.273072,IFX,L,unknown
2025-08-18T21:23:40.328942,IONQ,L,unknown
2025-08-18T21:23:40.504746,NBIX,L,unknown
2025-08-18T21:23:40.552746,PBR-A,L,unknown
2025-08-18T21:23:40.600921,PFE,L,unknown
2025-08-18T21:23:43.689259,LAES,L,unknown
2025-08-18T21:23:43.785069,UPS,L,unknown
2025-08-18T21:23:43.840050,UTHR,L,unknown
2025-08-18T21:23:43.880308,UNH,L,unknown
2025-08-18T21:24:25.264243,CASH,L,unknown
2025-08-18T21:24:25.651892,CASH,L,unknown
2025-08-18T21:24:25.834262,CASH,L,unknown
2025-08-18T21:24:26.009942,CASH,L,unknown
2025-08-18T21:24:26.817524,CASH,L,unknown
2025-08-18T21:24:27.785008,CASH,L,unknown
2025-08-18T21:24:28.035066,CASH,L,unknown
2025-08-18T21:24:28.132018,ADBE,L,unknown
2025-08-18T21:24:28.140589,ARG,L,unknown
2025-08-18T21:24:28.200619,B,L,unknown
2025-08-18T21:24:28.240617,BBAI,L,unknown
2025-08-18T21:24:28.249752,BIIB,L,unknown
2025-08-18T21:24:28.425192,QBTS,L,unknown
2025-08-18T21:24:28.630824,IFX,L,unknown
2025-08-18T21:24:28.655010,IONQ,L,unknown
2025-08-18T21:24:28.997883,NBIX,L,unknown
2025-08-18T21:24:29.039161,PBR-A,L,unknown
2025-08-18T21:24:29.051682,PFE,L,unknown
2025-08-18T21:24:29.125248,LAES,L,unknown
2025-08-18T21:24:29.205260,UPS,L,unknown
2025-08-18T21:24:29.215820,UTHR,L,unknown
2025-08-18T21:24:29.221044,UNH,L,unknown
2025-08-18T21:24:30.526008,CASH,L,unknown
2025-08-18T21:24:30.701278,CASH,L,unknown
2025-08-18T21:24:30.941552,CASH,L,unknown
2025-08-18T21:24:31.168524,CASH,L,unknown
2025-08-18T21:24:31.338975,CASH,L,unknown
2025-08-18T21:24:32.872666,CASH,L,unknown
2025-08-18T21:24:34.225427,CASH,L,unknown
2025-08-18T21:24:34.342949,ADBE,L,unknown
2025-08-18T21:24:34.383193,ARG,L,unknown
2025-08-18T21:24:34.479041,B,L,unknown
2025-08-18T21:24:34.575042,BBAI,L,unknown
2025-08-18T21:24:34.619678,BIIB,L,unknown
2025-08-18T21:24:34.772163,QBTS,L,unknown
2025-08-18T21:24:34.974276,IFX,L,unknown
2025-08-18T21:24:38.030557,IONQ,L,unknown
2025-08-18T21:24:38.258837,NBIX,L,unknown
2025-08-18T21:24:38.322847,PBR-A,L,unknown
2025-08-18T21:24:38.386900,PFE,L,unknown
2025-08-18T21:24:38.458720,LAES,L,unknown
2025-08-18T21:24:38.578314,UPS,L,unknown
2025-08-18T21:24:38.641734,UTHR,L,unknown
2025-08-18T21:24:38.689390,UNH,L,unknown
2025-08-18T21:34:56.376399,CASH,L,unknown
2025-08-18T21:34:56.582227,CASH,L,unknown
2025-08-18T21:34:56.675263,CASH,L,unknown
2025-08-18T21:34:57.041523,CASH,L,unknown
2025-08-18T21:34:57.798468,CASH,L,unknown
2025-08-18T21:34:58.138459,CASH,L,unknown
2025-08-18T21:34:59.038716,CASH,L,unknown
2025-08-18T21:35:00.037461,ADBE,L,unknown
2025-08-18T21:35:01.201647,ARG,L,unknown
2025-08-18T21:35:02.349414,B,L,unknown
2025-08-18T21:35:03.451348,BBAI,L,unknown
2025-08-18T21:35:04.627963,BIIB,L,unknown
2025-08-18T21:35:05.807278,QBTS,L,unknown
2025-08-18T21:35:06.899885,IFX,L,unknown
2025-08-18T21:35:07.979926,IONQ,L,unknown
2025-08-18T21:35:09.458274,NBIX,L,unknown
2025-08-18T21:35:10.360032,PBR-A,L,unknown
2025-08-18T21:35:11.470780,PFE,L,unknown
2025-08-18T21:35:12.666875,LAES,L,unknown
2025-08-18T21:35:13.844165,UPS,L,unknown
2025-08-18T21:35:14.839650,UTHR,L,unknown
2025-08-18T21:35:15.971699,UNH,L,unknown
2025-08-18T21:35:17.921395,CASH,L,unknown
2025-08-18T21:35:18.431316,CASH,L,unknown
2025-08-18T21:35:19.538572,CASH,L,unknown
2025-08-18T21:35:20.645336,CASH,L,unknown
2025-08-18T21:35:21.856285,CASH,L,unknown
2025-08-18T21:35:23.636284,CASH,L,unknown
2025-08-18T21:35:24.430531,CASH,L,unknown
2025-08-18T21:35:25.340622,ADBE,L,unknown
2025-08-18T21:35:26.539128,ARG,L,unknown
2025-08-18T21:35:27.711473,B,L,unknown
2025-08-18T21:35:28.808760,BBAI,L,unknown
2025-08-18T21:35:29.963951,BIIB,L,unknown
2025-08-18T21:35:31.192528,QBTS,L,unknown
2025-08-18T21:35:32.410708,IFX,L,unknown
2025-08-18T21:35:33.492337,IONQ,L,unknown
2025-08-18T21:35:34.979148,NBIX,L,unknown
2025-08-18T21:36:57.501275,CASH,L,unknown
2025-08-18T21:36:57.738327,CASH,L,unknown
2025-08-18T21:36:57.829428,CASH,L,unknown
2025-08-18T21:36:57.914416,CASH,L,unknown
2025-08-18T21:36:57.994282,CASH,L,unknown
2025-08-18T21:36:58.334202,CASH,L,unknown
2025-08-18T21:36:58.984196,CASH,L,unknown
2025-08-18T21:36:59.034251,ADBE,L,unknown
2025-08-18T21:36:59.929198,ARG,L,unknown
2025-08-18T21:37:01.118755,B,L,unknown
2025-08-18T21:37:02.223167,BBAI,L,unknown
2025-08-18T21:37:03.370864,BIIB,L,unknown
2025-08-18T21:37:04.669834,QBTS,L,unknown
2025-08-18T21:37:05.818911,IFX,L,unknown
2025-08-18T21:37:06.837433,IONQ,L,unknown
2025-08-18T21:37:08.194910,NBIX,L,unknown
2025-08-18T21:37:09.088246,PBR-A,L,unknown
2025-08-18T21:37:10.208727,PFE,L,unknown
2025-08-18T21:37:11.368670,LAES,L,unknown
2025-08-18T21:37:12.691510,UPS,L,unknown
2025-08-18T21:37:13.739248,UTHR,L,unknown
2025-08-18T21:37:14.870560,UNH,L,unknown
2025-08-18T21:37:16.417361,CASH,L,unknown
2025-08-18T21:37:17.310025,CASH,L,unknown
2025-08-18T21:37:18.502691,CASH,L,unknown
2025-08-18T21:37:19.668678,CASH,L,unknown
2025-08-18T21:37:20.981475,CASH,L,unknown
2025-08-18T21:37:22.851470,CASH,L,unknown
2025-08-18T21:37:23.506195,CASH,L,unknown
2025-08-18T21:37:24.367077,ADBE,L,unknown
2025-08-18T21:37:25.495235,ARG,L,unknown
2025-08-18T21:37:26.755362,B,L,unknown
2025-08-18T21:37:27.860556,BBAI,L,unknown
2025-08-18T21:37:29.074389,BIIB,L,unknown
2025-08-18T21:37:30.338271,QBTS,L,unknown
2025-08-18T21:37:31.447743,IFX,L,unknown
2025-08-18T21:37:32.466702,IONQ,L,unknown
2025-08-18T21:37:33.811560,NBIX,L,unknown
2025-08-18T21:37:34.860795,PBR-A,L,unknown
2025-08-18T21:37:36.006365,PFE,L,unknown
2025-08-18T21:37:37.223397,LAES,L,unknown
2025-08-18T21:37:38.370226,UPS,L,unknown
2025-08-18T21:37:39.439415,UTHR,L,unknown
2025-08-18T21:37:40.598352,UNH,L,unknown
2025-08-18T21:37:42.770475,CASH,L,unknown
2025-08-18T21:37:43.001855,CASH,L,unknown
2025-08-18T21:37:44.249098,CASH,L,unknown
2025-08-18T21:37:45.547158,CASH,L,unknown
2025-08-18T21:37:46.693484,CASH,L,unknown
2025-08-18T21:37:48.341098,CASH,L,unknown
2025-08-18T21:37:49.223483,CASH,L,unknown
2025-08-18T21:37:50.345228,ADBE,L,unknown
2025-08-18T21:37:51.416478,ARG,L,unknown
2025-08-18T21:37:52.593422,B,L,unknown
2025-08-18T21:37:53.702549,BBAI,L,unknown
2025-08-18T21:37:54.837369,BIIB,L,unknown
2025-08-18T21:37:56.135430,QBTS,L,unknown
2025-08-18T21:37:57.218203,IFX,L,unknown
2025-08-18T21:37:58.212060,IONQ,L,unknown
2025-08-18T21:37:59.601373,NBIX,L,unknown
2025-08-18T21:38:00.555374,PBR-A,L,unknown
2025-08-18T21:38:01.762759,PFE,L,unknown
2025-08-18T21:38:02.965339,LAES,L,unknown
2025-08-18T21:38:04.112224,UPS,L,unknown
2025-08-18T21:38:05.209919,UTHR,L,unknown
2025-08-18T21:38:06.329453,UNH,L,unknown
2025-08-18T21:38:08.382378,CASH,L,unknown
2025-08-18T21:38:08.890360,CASH,L,unknown
2025-08-18T21:38:09.078642,CASH,L,unknown
2025-08-18T21:38:10.000540,CASH,L,unknown
2025-08-18T21:38:11.194745,CASH,L,unknown
2025-08-18T21:38:12.978827,CASH,L,unknown
2025-08-18T21:38:13.557080,CASH,L,unknown
2025-08-18T21:38:14.563515,ADBE,L,unknown
2025-08-18T21:38:15.617133,ARG,L,unknown
2025-08-18T21:38:16.799423,B,L,unknown
2025-08-18T21:38:17.946921,BBAI,L,unknown
2025-08-18T21:38:19.004786,BIIB,L,unknown
2025-08-18T21:38:20.256348,QBTS,L,unknown
2025-08-18T21:38:21.369543,IFX,L,unknown
2025-08-18T21:38:22.430928,IONQ,L,unknown
2025-08-18T21:38:23.799868,NBIX,L,unknown
2025-08-18T21:38:24.739407,PBR-A,L,unknown
2025-08-18T21:38:25.887586,PFE,L,unknown
2025-08-18T21:38:27.164895,LAES,L,unknown
2025-08-18T21:38:28.313224,UPS,L,unknown
2025-08-18T21:38:29.327204,UTHR,L,unknown
2025-08-18T21:38:30.478312,UNH,L,unknown
2025-08-18T21:38:32.839194,CASH,L,unknown
2025-08-18T21:38:33.217120,CASH,L,unknown
2025-08-18T21:38:34.372294,CASH,L,unknown
2025-08-18T21:38:35.566266,CASH,L,unknown
2025-08-18T21:38:36.698455,CASH,L,unknown
2025-08-18T21:38:38.484096,CASH,L,unknown
2025-08-18T21:38:39.105281,CASH,L,unknown
2025-08-18T21:38:40.103364,ADBE,L,unknown
2025-08-18T21:38:41.194643,ARG,L,unknown
2025-08-18T21:38:42.785248,B,L,unknown
2025-08-18T21:38:44.089423,BBAI,L,unknown
2025-08-18T21:38:45.255738,BIIB,L,unknown
2025-08-18T21:38:46.576773,QBTS,L,unknown
2025-08-18T21:38:47.631510,IFX,L,unknown
2025-08-18T21:38:48.661464,IONQ,L,unknown
2025-08-18T21:38:50.012276,NBIX,L,unknown
2025-08-18T21:38:50.919983,PBR-A,L,unknown
2025-08-18T21:38:52.088642,PFE,L,unknown
2025-08-18T21:38:53.347665,LAES,L,unknown
2025-08-18T21:38:54.644268,UPS,L,unknown
2025-08-18T21:38:55.723004,UTHR,L,unknown
2025-08-18T21:38:56.877339,UNH,L,unknown
2025-08-18T21:38:59.212378,CASH,L,unknown
2025-08-18T21:38:59.533340,CASH,L,unknown
2025-08-18T21:38:59.776672,CASH,L,unknown
2025-08-18T21:38:59.937543,CASH,L,unknown
2025-08-18T21:39:00.113059,CASH,L,unknown
2025-08-18T21:39:01.240752,CASH,L,unknown
2025-08-18T21:39:02.036937,CASH,L,unknown
2025-08-18T21:39:02.959429,ADBE,L,unknown
2025-08-18T21:39:04.059324,ARG,L,unknown
2025-08-18T21:39:05.229510,B,L,unknown
2025-08-18T21:39:06.381310,BBAI,L,unknown
2025-08-18T21:39:07.508618,BIIB,L,unknown
2025-08-18T21:39:08.765638,QBTS,L,unknown
2025-08-18T21:39:09.905459,IFX,L,unknown
2025-08-18T21:39:11.040194,IONQ,L,unknown
2025-08-18T21:39:12.374450,NBIX,L,unknown
2025-08-18T21:39:13.379137,PBR-A,L,unknown
2025-08-18T21:39:14.569633,PFE,L,unknown
2025-08-18T21:39:15.893849,LAES,L,unknown
2025-08-18T21:39:17.590197,UPS,L,unknown
2025-08-18T21:39:20.277321,UTHR,L,unknown
2025-08-18T21:39:21.388801,UNH,L,unknown
2025-08-18T22:17:25.615737,CASH,L,unknown
2025-08-18T22:17:25.864105,CASH,L,unknown
2025-08-18T22:17:25.971125,CASH,L,unknown
2025-08-18T22:17:26.096340,CASH,L,unknown
2025-08-18T22:17:26.983704,CASH,L,unknown
2025-08-18T22:17:27.527739,CASH,L,unknown
2025-08-18T22:17:28.220217,CASH,L,unknown
2025-08-18T22:17:29.243817,ADBE,L,unknown
2025-08-18T22:17:30.367206,ARG,L,unknown
2025-08-18T22:17:31.488831,B,L,unknown
2025-08-18T22:17:32.620272,BBAI,L,unknown
2025-08-18T22:17:33.774243,BIIB,L,unknown
2025-08-18T22:17:34.942834,QBTS,L,unknown
2025-08-18T22:17:36.192622,IFX,L,unknown
2025-08-18T22:17:37.536887,IONQ,L,unknown
2025-08-18T22:17:38.800051,NBIX,L,unknown
2025-08-18T22:17:39.788267,PBR-A,L,unknown
2025-08-18T22:17:40.898949,PFE,L,unknown
2025-08-18T22:17:42.303566,LAES,L,unknown
2025-08-18T22:17:43.550674,UPS,L,unknown
2025-08-18T22:17:44.673101,UTHR,L,unknown
2025-08-18T22:17:45.828435,UNH,L,unknown
2025-08-18T22:17:47.842565,CASH,L,unknown
2025-08-18T22:17:48.315818,CASH,L,unknown
2025-08-18T22:17:49.580184,CASH,L,unknown
2025-08-18T22:17:50.638649,CASH,L,unknown
2025-08-18T22:17:51.806094,CASH,L,unknown
2025-08-18T22:17:53.716766,CASH,L,unknown
2025-08-18T22:17:54.159268,CASH,L,unknown
2025-08-18T22:17:55.206604,ADBE,L,unknown
2025-08-18T22:17:56.250189,ARG,L,unknown
2025-08-18T22:17:57.415632,B,L,unknown
2025-08-18T22:17:58.588320,BBAI,L,unknown
2025-08-18T22:17:59.760381,BIIB,L,unknown
2025-08-18T22:18:00.992639,QBTS,L,unknown
2025-08-18T22:18:02.276455,IFX,L,unknown
2025-08-18T22:18:03.347309,IONQ,L,unknown
2025-08-18T22:18:04.699736,NBIX,L,unknown
2025-08-18T22:18:05.582768,PBR-A,L,unknown
2025-08-18T22:18:06.800877,PFE,L,unknown
2025-08-18T22:18:08.066889,LAES,L,unknown
2025-08-18T22:18:09.218845,UPS,L,unknown
2025-08-18T22:18:10.339354,UTHR,L,unknown
2025-08-18T22:18:11.445667,UNH,L,unknown
2025-08-18T22:18:13.381137,CASH,L,unknown
2025-08-18T22:18:13.815818,CASH,L,unknown
2025-08-18T22:18:13.938926,CASH,L,unknown
2025-08-18T22:18:14.057652,CASH,L,unknown
